<?xml version="1.0" encoding="UTF-8"?>
<testsuites name="Triangulo" time="50.992" tests="3" failures="0" errors="0">
   <testsuite name="Triangulo" tests="3" failures="0" errors="0" time="50.992" skipped="0" timestamp="01-04-2025T19:19:05" hostname="danielafeoli - localhost" id="Test Suites/Triangulo">
      <properties>
         <property name="deviceName" value="emulator-5554 (Android SDK built for arm64 - Android 9)"/>
         <property name="devicePlatform" value="Android"/>
         <property name="logFolder" value="/Users/danielafeoli/Katalon Studio/My First Web UI Project/Reports/20250401_191903/Triangulo/20250401_191903"/>
         <property name="logFiles" value="/Users/danielafeoli/Katalon Studio/My First Web UI Project/Reports/20250401_191903/Triangulo/20250401_191903/execution0.log, /Users/danielafeoli/Katalon Studio/My First Web UI Project/Reports/20250401_191903/Triangulo/20250401_191903/appium_error.log, /Users/danielafeoli/Katalon Studio/My First Web UI Project/Reports/20250401_191903/Triangulo/20250401_191903/appium.log"/>
         <property name="attachments" value=""/>
         <property name="hostName" value="danielafeoli - localhost"/>
         <property name="os" value="Mac OS X 64bit"/>
         <property name="appiumServerStatus" value="{&quot;value&quot;:{&quot;ready&quot;:true,&quot;message&quot;:&quot;The server is ready to accept new connections&quot;,&quot;build&quot;:{&quot;version&quot;:&quot;2.17.1&quot;,&quot;git-sha&quot;:&quot;ffec9fec724da725013d5b50e763908113983fc3&quot;,&quot;built&quot;:&quot;2025-03-11 13:39:40 -0700&quot;}}}"/>
         <property name="katalonVersion" value="10.1.1.0"/>
         <property name="deviceOS" value="Android"/>
         <property name="appiumVersion" value="2.17.1"/>
         <property name="deviceModel" value="Android SDK built for arm64"/>
         <property name="hostAddress" value="127.0.0.1"/>
         <property name="deviceManufacturer" value="unknown"/>
         <property name="deviceId" value="emulator-5554"/>
         <property name="deviceName" value="emulator-5554 (Android SDK built for arm64 - Android 9)"/>
         <property name="deviceOSVersion" value="9"/>
      </properties>
      <testcase name="Test Cases/Test Triangulo" time="18.329" classname="Test Cases/Test Triangulo" status="PASSED">
         <properties>
            <property name="data_binding"><![CDATA[{"ladoC":"1","ladoB":"1","ladoA":"1"}]]></property>
         </properties>
         <system-out><![CDATA[01-04-2025T19:19:05 - [TEST_CASE][PASSED] - Test Cases/Test Triangulo: Test Cases/Test Triangulo

01-04-2025T19:19:05 - [TEST_STEP][PASSED] - startApplication("/Users/danielafeoli/Downloads/TestingAvanzadoApp11.apk", true): Started application: '/Users/danielafeoli/Downloads/TestingAvanzadoApp11.apk'

01-04-2025T19:19:05 - [MESSAGE][INFO] - Starting application: '/Users/danielafeoli/Downloads/TestingAvanzadoApp11.apk'

01-04-2025T19:19:06 - [MESSAGE][INFO] - Detected NodeJS location: "/Users/danielafeoli/.nvm/versions/node/v22.14.0/bin/node"

01-04-2025T19:19:06 - [MESSAGE][INFO] - PATH: /Users/danielafeoli/.nvm/versions/node/v22.14.0/bin:/opt/homebrew/bin:/usr/bin:/bin:/usr/sbin:/sbin:/Applications/Katalon Studio Enterprise.app/Contents/Eclipse/jre/Contents/Home/bin:/usr/local/bin/

01-04-2025T19:19:06 - [MESSAGE][INFO] - APPIUM_HOME: /Users/danielafeoli/.appium

01-04-2025T19:19:06 - [MESSAGE][INFO] - appium outlog: /Users/danielafeoli/Katalon Studio/My First Web UI Project/Reports/20250401_191903/Triangulo/20250401_191903/appium.log

01-04-2025T19:19:06 - [MESSAGE][INFO] - appium errlog: /Users/danielafeoli/Katalon Studio/My First Web UI Project/Reports/20250401_191903/Triangulo/20250401_191903/appium_error.log

01-04-2025T19:19:08 - [MESSAGE][INFO] - Appium server started on port 49 480

01-04-2025T19:19:14 - [MESSAGE][PASSED] - Started application: '/Users/danielafeoli/Downloads/TestingAvanzadoApp11.apk'

01-04-2025T19:19:14 - [TEST_STEP][PASSED] - tap(findTestObject("Object Repository/TestUTN_Clase25Abr/android.widget.Button - Triangulo"), 0): Tapped on element 'Object Repository/TestUTN_Clase25Abr/android.widget.Button - Triangulo'

01-04-2025T19:19:14 - [MESSAGE][WARNING] - Timeout '0' is invalid. Using default page load timeout: '30'

01-04-2025T19:19:15 - [MESSAGE][PASSED] - Tapped on element 'Object Repository/TestUTN_Clase25Abr/android.widget.Button - Triangulo'

01-04-2025T19:19:15 - [TEST_STEP][PASSED] - setText(findTestObject("TestUTN_Clase25Abr/android.widget.EditText (1)"), "2", 0): Text '2' has been set to element 'Object Repository/TestUTN_Clase25Abr/android.widget.EditText (1)'

01-04-2025T19:19:15 - [MESSAGE][WARNING] - Timeout '0' is invalid. Using default page load timeout: '30'

01-04-2025T19:19:17 - [MESSAGE][PASSED] - Text '2' has been set to element 'Object Repository/TestUTN_Clase25Abr/android.widget.EditText (1)'

01-04-2025T19:19:17 - [TEST_STEP][PASSED] - setText(findTestObject("TestUTN_Clase25Abr/android.widget.EditText (2)"), "3", 0): Text '3' has been set to element 'Object Repository/TestUTN_Clase25Abr/android.widget.EditText (2)'

01-04-2025T19:19:17 - [MESSAGE][WARNING] - Timeout '0' is invalid. Using default page load timeout: '30'

01-04-2025T19:19:18 - [MESSAGE][PASSED] - Text '3' has been set to element 'Object Repository/TestUTN_Clase25Abr/android.widget.EditText (2)'

01-04-2025T19:19:18 - [TEST_STEP][PASSED] - setText(findTestObject("TestUTN_Clase25Abr/android.widget.EditText (3)"), "2", 0): Text '2' has been set to element 'Object Repository/TestUTN_Clase25Abr/android.widget.EditText (3)'

01-04-2025T19:19:18 - [MESSAGE][WARNING] - Timeout '0' is invalid. Using default page load timeout: '30'

01-04-2025T19:19:20 - [MESSAGE][PASSED] - Text '2' has been set to element 'Object Repository/TestUTN_Clase25Abr/android.widget.EditText (3)'

01-04-2025T19:19:20 - [TEST_STEP][PASSED] - tap(findTestObject("Object Repository/TestUTN_Clase25Abr/android.widget.Button - Calcular"), 0): Tapped on element 'Object Repository/TestUTN_Clase25Abr/android.widget.Button - Calcular'

01-04-2025T19:19:20 - [MESSAGE][WARNING] - Timeout '0' is invalid. Using default page load timeout: '30'

01-04-2025T19:19:21 - [MESSAGE][PASSED] - Tapped on element 'Object Repository/TestUTN_Clase25Abr/android.widget.Button - Calcular'

01-04-2025T19:19:21 - [TEST_STEP][PASSED] - verifyElementText(findTestObject("Object Repository/TestUTN_Clase25Abr/android.widget.EditText - S, es un tringulo"), "Sí, es un triángulo"): Actual text and expected text of test object 'Object Repository/TestUTN_Clase25Abr/android.widget.EditText - S, es un tringulo' are matched.

01-04-2025T19:19:21 - [MESSAGE][PASSED] - Actual text and expected text of test object 'Object Repository/TestUTN_Clase25Abr/android.widget.EditText - S, es un tringulo' are matched.

01-04-2025T19:19:21 - [TEST_STEP][PASSED] - closeApplication(): Close app successfully

01-04-2025T19:19:23 - [MESSAGE][INFO] - Cannot close application! An unknown server-side error occurred while processing the command. Original error: 'appinventor.ai_nicholais123.TestingAvanzadoApp' is still running after 500ms timeout
Build info: version: '4.22.0', revision: 'c5f3146703'
System info: os.name: 'Mac OS X', os.arch: 'aarch64', os.version: '15.3.1', java.version: '17.0.14'
Driver info: io.appium.java_client.android.AndroidDriver
Command: [277be719-6e46-4998-85df-92770ec0e6e0, executeScript {args=[{appId=appinventor.ai_nicholais123.TestingAvanzadoApp, bundleId=appinventor.ai_nicholais123.TestingAvanzadoApp}], script=mobile: terminateApp}]
Capabilities {appium:app: /Users/danielafeoli/Downloa..., appium:appPackage: appinventor.ai_nicholais123..., appium:autoGrantPermissions: true, appium:automationName: uiautomator2, appium:databaseEnabled: false, appium:desired: {app: /Users/danielafeoli/Downloa..., autoGrantPermissions: true, automationName: uiautomator2, deviceName: emulator-5554 (Android SDK ..., fullReset: true, newCommandTimeout: 1800, noReset: false, platformName: ANDROID, platformVersion: 9, systemPort: 49479, udid: emulator-5554}, appium:deviceApiLevel: 28, appium:deviceManufacturer: unknown, appium:deviceModel: Android SDK built for arm64, appium:deviceName: emulator-5554, appium:deviceScreenDensity: 440, appium:deviceScreenSize: 1080x2160, appium:deviceUDID: emulator-5554, appium:fullReset: true, appium:javascriptEnabled: true, appium:locationContextEnabled: false, appium:networkConnectionEnabled: true, appium:newCommandTimeout: 1800, appium:noReset: false, appium:pixelRatio: 2.75, appium:platformVersion: 9, appium:statBarHeight: 66, appium:systemPort: 49479, appium:takesScreenshot: true, appium:udid: emulator-5554, appium:viewportRect: {height: 2094, left: 0, top: 66, width: 1080}, appium:warnings: {}, appium:webStorageEnabled: false, platformName: ANDROID}
Session ID: 277be719-6e46-4998-85df-92770ec0e6e0

01-04-2025T19:19:23 - [MESSAGE][PASSED] - Close app successfully]]></system-out>
         <system-err><![CDATA[]]></system-err>
      </testcase>
      <testcase name="Test Cases/Test Triangulo" time="16.954" classname="Test Cases/Test Triangulo" status="PASSED">
         <properties>
            <property name="data_binding"><![CDATA[{"ladoC":"3","ladoB":"2","ladoA":"1"}]]></property>
         </properties>
         <system-out><![CDATA[01-04-2025T19:19:23 - [TEST_CASE][PASSED] - Test Cases/Test Triangulo: Test Cases/Test Triangulo

01-04-2025T19:19:23 - [TEST_STEP][PASSED] - startApplication("/Users/danielafeoli/Downloads/TestingAvanzadoApp11.apk", true): Started application: '/Users/danielafeoli/Downloads/TestingAvanzadoApp11.apk'

01-04-2025T19:19:23 - [MESSAGE][INFO] - Starting application: '/Users/danielafeoli/Downloads/TestingAvanzadoApp11.apk'

01-04-2025T19:19:24 - [MESSAGE][INFO] - Detected NodeJS location: "/Users/danielafeoli/.nvm/versions/node/v22.14.0/bin/node"

01-04-2025T19:19:24 - [MESSAGE][INFO] - PATH: /Users/danielafeoli/.nvm/versions/node/v22.14.0/bin:/opt/homebrew/bin:/usr/bin:/bin:/usr/sbin:/sbin:/Applications/Katalon Studio Enterprise.app/Contents/Eclipse/jre/Contents/Home/bin:/usr/local/bin/

01-04-2025T19:19:24 - [MESSAGE][INFO] - APPIUM_HOME: /Users/danielafeoli/.appium

01-04-2025T19:19:24 - [MESSAGE][INFO] - appium outlog: /Users/danielafeoli/Katalon Studio/My First Web UI Project/Reports/20250401_191903/Triangulo/20250401_191903/appium.log

01-04-2025T19:19:24 - [MESSAGE][INFO] - appium errlog: /Users/danielafeoli/Katalon Studio/My First Web UI Project/Reports/20250401_191903/Triangulo/20250401_191903/appium_error.log

01-04-2025T19:19:25 - [MESSAGE][INFO] - Appium server started on port 49 661

01-04-2025T19:19:32 - [MESSAGE][PASSED] - Started application: '/Users/danielafeoli/Downloads/TestingAvanzadoApp11.apk'

01-04-2025T19:19:32 - [TEST_STEP][PASSED] - tap(findTestObject("Object Repository/TestUTN_Clase25Abr/android.widget.Button - Triangulo"), 0): Tapped on element 'Object Repository/TestUTN_Clase25Abr/android.widget.Button - Triangulo'

01-04-2025T19:19:32 - [MESSAGE][WARNING] - Timeout '0' is invalid. Using default page load timeout: '30'

01-04-2025T19:19:32 - [MESSAGE][PASSED] - Tapped on element 'Object Repository/TestUTN_Clase25Abr/android.widget.Button - Triangulo'

01-04-2025T19:19:32 - [TEST_STEP][PASSED] - setText(findTestObject("TestUTN_Clase25Abr/android.widget.EditText (1)"), "2", 0): Text '2' has been set to element 'Object Repository/TestUTN_Clase25Abr/android.widget.EditText (1)'

01-04-2025T19:19:32 - [MESSAGE][WARNING] - Timeout '0' is invalid. Using default page load timeout: '30'

01-04-2025T19:19:34 - [MESSAGE][PASSED] - Text '2' has been set to element 'Object Repository/TestUTN_Clase25Abr/android.widget.EditText (1)'

01-04-2025T19:19:34 - [TEST_STEP][PASSED] - setText(findTestObject("TestUTN_Clase25Abr/android.widget.EditText (2)"), "3", 0): Text '3' has been set to element 'Object Repository/TestUTN_Clase25Abr/android.widget.EditText (2)'

01-04-2025T19:19:34 - [MESSAGE][WARNING] - Timeout '0' is invalid. Using default page load timeout: '30'

01-04-2025T19:19:36 - [MESSAGE][PASSED] - Text '3' has been set to element 'Object Repository/TestUTN_Clase25Abr/android.widget.EditText (2)'

01-04-2025T19:19:36 - [TEST_STEP][PASSED] - setText(findTestObject("TestUTN_Clase25Abr/android.widget.EditText (3)"), "2", 0): Text '2' has been set to element 'Object Repository/TestUTN_Clase25Abr/android.widget.EditText (3)'

01-04-2025T19:19:36 - [MESSAGE][WARNING] - Timeout '0' is invalid. Using default page load timeout: '30'

01-04-2025T19:19:37 - [MESSAGE][PASSED] - Text '2' has been set to element 'Object Repository/TestUTN_Clase25Abr/android.widget.EditText (3)'

01-04-2025T19:19:37 - [TEST_STEP][PASSED] - tap(findTestObject("Object Repository/TestUTN_Clase25Abr/android.widget.Button - Calcular"), 0): Tapped on element 'Object Repository/TestUTN_Clase25Abr/android.widget.Button - Calcular'

01-04-2025T19:19:37 - [MESSAGE][WARNING] - Timeout '0' is invalid. Using default page load timeout: '30'

01-04-2025T19:19:38 - [MESSAGE][PASSED] - Tapped on element 'Object Repository/TestUTN_Clase25Abr/android.widget.Button - Calcular'

01-04-2025T19:19:38 - [TEST_STEP][PASSED] - verifyElementText(findTestObject("Object Repository/TestUTN_Clase25Abr/android.widget.EditText - S, es un tringulo"), "Sí, es un triángulo"): Actual text and expected text of test object 'Object Repository/TestUTN_Clase25Abr/android.widget.EditText - S, es un tringulo' are matched.

01-04-2025T19:19:38 - [MESSAGE][PASSED] - Actual text and expected text of test object 'Object Repository/TestUTN_Clase25Abr/android.widget.EditText - S, es un tringulo' are matched.

01-04-2025T19:19:38 - [TEST_STEP][PASSED] - closeApplication(): Close app successfully

01-04-2025T19:19:40 - [MESSAGE][INFO] - Cannot close application! An unknown server-side error occurred while processing the command. Original error: 'appinventor.ai_nicholais123.TestingAvanzadoApp' is still running after 500ms timeout
Build info: version: '4.22.0', revision: 'c5f3146703'
System info: os.name: 'Mac OS X', os.arch: 'aarch64', os.version: '15.3.1', java.version: '17.0.14'
Driver info: io.appium.java_client.android.AndroidDriver
Command: [fd4c64ab-40e4-4142-8d24-c11962806f1e, executeScript {args=[{appId=appinventor.ai_nicholais123.TestingAvanzadoApp, bundleId=appinventor.ai_nicholais123.TestingAvanzadoApp}], script=mobile: terminateApp}]
Capabilities {appium:app: /Users/danielafeoli/Downloa..., appium:appPackage: appinventor.ai_nicholais123..., appium:autoGrantPermissions: true, appium:automationName: uiautomator2, appium:databaseEnabled: false, appium:desired: {app: /Users/danielafeoli/Downloa..., autoGrantPermissions: true, automationName: uiautomator2, deviceName: emulator-5554 (Android SDK ..., fullReset: true, newCommandTimeout: 1800, noReset: false, platformName: ANDROID, platformVersion: 9, systemPort: 49658, udid: emulator-5554}, appium:deviceApiLevel: 28, appium:deviceManufacturer: unknown, appium:deviceModel: Android SDK built for arm64, appium:deviceName: emulator-5554, appium:deviceScreenDensity: 440, appium:deviceScreenSize: 1080x2160, appium:deviceUDID: emulator-5554, appium:fullReset: true, appium:javascriptEnabled: true, appium:locationContextEnabled: false, appium:networkConnectionEnabled: true, appium:newCommandTimeout: 1800, appium:noReset: false, appium:pixelRatio: 2.75, appium:platformVersion: 9, appium:statBarHeight: 66, appium:systemPort: 49658, appium:takesScreenshot: true, appium:udid: emulator-5554, appium:viewportRect: {height: 2094, left: 0, top: 66, width: 1080}, appium:warnings: {}, appium:webStorageEnabled: false, platformName: ANDROID}
Session ID: fd4c64ab-40e4-4142-8d24-c11962806f1e

01-04-2025T19:19:40 - [MESSAGE][PASSED] - Close app successfully]]></system-out>
         <system-err><![CDATA[]]></system-err>
      </testcase>
      <testcase name="Test Cases/Test Triangulo" time="15.551" classname="Test Cases/Test Triangulo" status="PASSED">
         <properties>
            <property name="data_binding"><![CDATA[{"ladoC":"5","ladoB":"4","ladoA":"3"}]]></property>
         </properties>
         <system-out><![CDATA[01-04-2025T19:19:40 - [TEST_CASE][PASSED] - Test Cases/Test Triangulo: Test Cases/Test Triangulo

01-04-2025T19:19:40 - [TEST_STEP][PASSED] - startApplication("/Users/danielafeoli/Downloads/TestingAvanzadoApp11.apk", true): Started application: '/Users/danielafeoli/Downloads/TestingAvanzadoApp11.apk'

01-04-2025T19:19:40 - [MESSAGE][INFO] - Starting application: '/Users/danielafeoli/Downloads/TestingAvanzadoApp11.apk'

01-04-2025T19:19:41 - [MESSAGE][INFO] - Detected NodeJS location: "/Users/danielafeoli/.nvm/versions/node/v22.14.0/bin/node"

01-04-2025T19:19:41 - [MESSAGE][INFO] - PATH: /Users/danielafeoli/.nvm/versions/node/v22.14.0/bin:/opt/homebrew/bin:/usr/bin:/bin:/usr/sbin:/sbin:/Applications/Katalon Studio Enterprise.app/Contents/Eclipse/jre/Contents/Home/bin:/usr/local/bin/

01-04-2025T19:19:41 - [MESSAGE][INFO] - APPIUM_HOME: /Users/danielafeoli/.appium

01-04-2025T19:19:41 - [MESSAGE][INFO] - appium outlog: /Users/danielafeoli/Katalon Studio/My First Web UI Project/Reports/20250401_191903/Triangulo/20250401_191903/appium.log

01-04-2025T19:19:41 - [MESSAGE][INFO] - appium errlog: /Users/danielafeoli/Katalon Studio/My First Web UI Project/Reports/20250401_191903/Triangulo/20250401_191903/appium_error.log

01-04-2025T19:19:42 - [MESSAGE][INFO] - Appium server started on port 49 834

01-04-2025T19:19:47 - [MESSAGE][PASSED] - Started application: '/Users/danielafeoli/Downloads/TestingAvanzadoApp11.apk'

01-04-2025T19:19:47 - [TEST_STEP][PASSED] - tap(findTestObject("Object Repository/TestUTN_Clase25Abr/android.widget.Button - Triangulo"), 0): Tapped on element 'Object Repository/TestUTN_Clase25Abr/android.widget.Button - Triangulo'

01-04-2025T19:19:47 - [MESSAGE][WARNING] - Timeout '0' is invalid. Using default page load timeout: '30'

01-04-2025T19:19:48 - [MESSAGE][PASSED] - Tapped on element 'Object Repository/TestUTN_Clase25Abr/android.widget.Button - Triangulo'

01-04-2025T19:19:48 - [TEST_STEP][PASSED] - setText(findTestObject("TestUTN_Clase25Abr/android.widget.EditText (1)"), "2", 0): Text '2' has been set to element 'Object Repository/TestUTN_Clase25Abr/android.widget.EditText (1)'

01-04-2025T19:19:48 - [MESSAGE][WARNING] - Timeout '0' is invalid. Using default page load timeout: '30'

01-04-2025T19:19:50 - [MESSAGE][PASSED] - Text '2' has been set to element 'Object Repository/TestUTN_Clase25Abr/android.widget.EditText (1)'

01-04-2025T19:19:50 - [TEST_STEP][PASSED] - setText(findTestObject("TestUTN_Clase25Abr/android.widget.EditText (2)"), "3", 0): Text '3' has been set to element 'Object Repository/TestUTN_Clase25Abr/android.widget.EditText (2)'

01-04-2025T19:19:50 - [MESSAGE][WARNING] - Timeout '0' is invalid. Using default page load timeout: '30'

01-04-2025T19:19:51 - [MESSAGE][PASSED] - Text '3' has been set to element 'Object Repository/TestUTN_Clase25Abr/android.widget.EditText (2)'

01-04-2025T19:19:51 - [TEST_STEP][PASSED] - setText(findTestObject("TestUTN_Clase25Abr/android.widget.EditText (3)"), "2", 0): Text '2' has been set to element 'Object Repository/TestUTN_Clase25Abr/android.widget.EditText (3)'

01-04-2025T19:19:51 - [MESSAGE][WARNING] - Timeout '0' is invalid. Using default page load timeout: '30'

01-04-2025T19:19:53 - [MESSAGE][PASSED] - Text '2' has been set to element 'Object Repository/TestUTN_Clase25Abr/android.widget.EditText (3)'

01-04-2025T19:19:53 - [TEST_STEP][PASSED] - tap(findTestObject("Object Repository/TestUTN_Clase25Abr/android.widget.Button - Calcular"), 0): Tapped on element 'Object Repository/TestUTN_Clase25Abr/android.widget.Button - Calcular'

01-04-2025T19:19:53 - [MESSAGE][WARNING] - Timeout '0' is invalid. Using default page load timeout: '30'

01-04-2025T19:19:54 - [MESSAGE][PASSED] - Tapped on element 'Object Repository/TestUTN_Clase25Abr/android.widget.Button - Calcular'

01-04-2025T19:19:54 - [TEST_STEP][PASSED] - verifyElementText(findTestObject("Object Repository/TestUTN_Clase25Abr/android.widget.EditText - S, es un tringulo"), "Sí, es un triángulo"): Actual text and expected text of test object 'Object Repository/TestUTN_Clase25Abr/android.widget.EditText - S, es un tringulo' are matched.

01-04-2025T19:19:54 - [MESSAGE][PASSED] - Actual text and expected text of test object 'Object Repository/TestUTN_Clase25Abr/android.widget.EditText - S, es un tringulo' are matched.

01-04-2025T19:19:54 - [TEST_STEP][PASSED] - closeApplication(): Close app successfully

01-04-2025T19:19:55 - [MESSAGE][INFO] - Cannot close application! An unknown server-side error occurred while processing the command. Original error: 'appinventor.ai_nicholais123.TestingAvanzadoApp' is still running after 500ms timeout
Build info: version: '4.22.0', revision: 'c5f3146703'
System info: os.name: 'Mac OS X', os.arch: 'aarch64', os.version: '15.3.1', java.version: '17.0.14'
Driver info: io.appium.java_client.android.AndroidDriver
Command: [8b4756ce-4da4-4f0d-9eff-4c0a880ba974, executeScript {args=[{appId=appinventor.ai_nicholais123.TestingAvanzadoApp, bundleId=appinventor.ai_nicholais123.TestingAvanzadoApp}], script=mobile: terminateApp}]
Capabilities {appium:app: /Users/danielafeoli/Downloa..., appium:appPackage: appinventor.ai_nicholais123..., appium:autoGrantPermissions: true, appium:automationName: uiautomator2, appium:databaseEnabled: false, appium:desired: {app: /Users/danielafeoli/Downloa..., autoGrantPermissions: true, automationName: uiautomator2, deviceName: emulator-5554 (Android SDK ..., fullReset: true, newCommandTimeout: 1800, noReset: false, platformName: ANDROID, platformVersion: 9, systemPort: 49833, udid: emulator-5554}, appium:deviceApiLevel: 28, appium:deviceManufacturer: unknown, appium:deviceModel: Android SDK built for arm64, appium:deviceName: emulator-5554, appium:deviceScreenDensity: 440, appium:deviceScreenSize: 1080x2160, appium:deviceUDID: emulator-5554, appium:fullReset: true, appium:javascriptEnabled: true, appium:locationContextEnabled: false, appium:networkConnectionEnabled: true, appium:newCommandTimeout: 1800, appium:noReset: false, appium:pixelRatio: 2.75, appium:platformVersion: 9, appium:statBarHeight: 66, appium:systemPort: 49833, appium:takesScreenshot: true, appium:udid: emulator-5554, appium:viewportRect: {height: 2094, left: 0, top: 66, width: 1080}, appium:warnings: {}, appium:webStorageEnabled: false, platformName: ANDROID}
Session ID: 8b4756ce-4da4-4f0d-9eff-4c0a880ba974

01-04-2025T19:19:56 - [MESSAGE][PASSED] - Close app successfully]]></system-out>
         <system-err><![CDATA[]]></system-err>
      </testcase>
      <system-out><![CDATA[01-04-2025T19:19:05 - [TEST_SUITE][PASSED] - Triangulo: Test Cases/Test Triangulo]]></system-out>
      <system-err><![CDATA[]]></system-err>
   </testsuite>
</testsuites>
